[debug] [2018-04-18T01:06:14.875Z] ----------------------------------------------------------------------
[debug] [2018-04-18T01:06:14.877Z] Command:       /usr/local/bin/node /usr/local/bin/firebase serve
[debug] [2018-04-18T01:06:14.877Z] CLI Version:   3.18.2
[debug] [2018-04-18T01:06:14.877Z] Platform:      darwin
[debug] [2018-04-18T01:06:14.877Z] Node Version:  v8.11.1
[debug] [2018-04-18T01:06:14.878Z] Time:          Tue Apr 17 2018 20:06:14 GMT-0500 (-05)
[debug] [2018-04-18T01:06:14.878Z] ----------------------------------------------------------------------
[debug] 
[debug] [2018-04-18T01:06:14.891Z] > command requires scopes: ["email","openid","https://www.googleapis.com/auth/cloudplatformprojects.readonly","https://www.googleapis.com/auth/firebase","https://www.googleapis.com/auth/cloud-platform"]
[debug] [2018-04-18T01:06:14.891Z] > authorizing via signed-in user
[debug] [2018-04-18T01:06:14.893Z] >>> HTTP REQUEST GET https://admin.firebase.com/v1/projects/pqrs-b7db1  
  
 Tue Apr 17 2018 20:06:14 GMT-0500 (-05)
[debug] [2018-04-18T01:06:15.445Z] <<< HTTP RESPONSE 200
[debug] [2018-04-18T01:06:15.446Z] >>> HTTP REQUEST GET https://admin.firebase.com/v1/database/pqrs-b7db1/tokens  
  
 Tue Apr 17 2018 20:06:15 GMT-0500 (-05)
[debug] [2018-04-18T01:06:16.123Z] <<< HTTP RESPONSE 200
[debug] [2018-04-18T01:06:16.124Z] >>> HTTP REQUEST GET https://cloudresourcemanager.googleapis.com/v1/projects/pqrs-b7db1  
  
 Tue Apr 17 2018 20:06:16 GMT-0500 (-05)
[debug] [2018-04-18T01:06:16.745Z] <<< HTTP RESPONSE 200
[info] 
[info] === Serving from '/Users/kike/Dropbox/Documents/Dev/Desarrollos/PQRS'...
[info] 
[info] i  functions: Preparing to emulate functions.
[debug] [2018-04-18T01:06:17.638Z] Fetching environment
[debug] [2018-04-18T01:06:17.657Z] >>> HTTP REQUEST GET https://mobilesdk-pa.googleapis.com/v1/projects/855128054599:getServerAppConfig  
  
 Tue Apr 17 2018 20:06:17 GMT-0500 (-05)
[debug] [2018-04-18T01:06:18.128Z] <<< HTTP RESPONSE 200
[debug] [2018-04-18T01:06:18.129Z] Starting @google-cloud/functions-emulator
[debug] [2018-04-18T01:06:19.703Z] Parsing function triggers
[info] ✔  functions: processForm: http://localhost:5000/pqrs-b7db1/us-central1/processForm
