[debug] [2018-04-19T17:37:11.399Z] ----------------------------------------------------------------------
[debug] [2018-04-19T17:37:11.401Z] Command:       /usr/local/bin/node /usr/local/bin/firebase serve
[debug] [2018-04-19T17:37:11.401Z] CLI Version:   3.18.2
[debug] [2018-04-19T17:37:11.401Z] Platform:      darwin
[debug] [2018-04-19T17:37:11.401Z] Node Version:  v8.11.1
[debug] [2018-04-19T17:37:11.402Z] Time:          Thu Apr 19 2018 12:37:11 GMT-0500 (-05)
[debug] [2018-04-19T17:37:11.402Z] ----------------------------------------------------------------------
[debug] 
[debug] [2018-04-19T17:37:11.415Z] > command requires scopes: ["email","openid","https://www.googleapis.com/auth/cloudplatformprojects.readonly","https://www.googleapis.com/auth/firebase","https://www.googleapis.com/auth/cloud-platform"]
[debug] [2018-04-19T17:37:11.415Z] > authorizing via signed-in user
[debug] [2018-04-19T17:37:11.417Z] >>> HTTP REQUEST GET https://admin.firebase.com/v1/projects/pqrs-b7db1  
  
 Thu Apr 19 2018 12:37:11 GMT-0500 (-05)
[debug] [2018-04-19T17:37:13.853Z] <<< HTTP RESPONSE 200
[debug] [2018-04-19T17:37:13.854Z] >>> HTTP REQUEST GET https://admin.firebase.com/v1/database/pqrs-b7db1/tokens  
  
 Thu Apr 19 2018 12:37:13 GMT-0500 (-05)
[debug] [2018-04-19T17:37:14.895Z] <<< HTTP RESPONSE 200
[debug] [2018-04-19T17:37:14.896Z] >>> HTTP REQUEST GET https://cloudresourcemanager.googleapis.com/v1/projects/pqrs-b7db1  
  
 Thu Apr 19 2018 12:37:14 GMT-0500 (-05)
[debug] [2018-04-19T17:37:15.430Z] <<< HTTP RESPONSE 200
[info] 
[info] === Serving from '/Users/kike/Dropbox/Documents/Dev/Desarrollos/PQRS'...
[info] 
[info] i  functions: Preparing to emulate functions.
[debug] [2018-04-19T17:37:16.192Z] Fetching environment
[debug] [2018-04-19T17:37:16.193Z] >>> HTTP REQUEST GET https://mobilesdk-pa.googleapis.com/v1/projects/855128054599:getServerAppConfig  
  
 Thu Apr 19 2018 12:37:16 GMT-0500 (-05)
[debug] [2018-04-19T17:37:16.754Z] <<< HTTP RESPONSE 200
[debug] [2018-04-19T17:37:16.755Z] Starting @google-cloud/functions-emulator
[debug] [2018-04-19T17:37:18.325Z] Parsing function triggers
[info] ✔  functions: processForm: http://localhost:5000/pqrs-b7db1/us-central1/processForm
